d:\nust\5th semester\advanced programming\labs\lab2_matrixlibrary\lab2_matrixlibrary\debug\lab2_matrixlibrary.pch
d:\nust\5th semester\advanced programming\labs\lab2_matrixlibrary\lab2_matrixlibrary\debug\vc141.pdb
d:\nust\5th semester\advanced programming\labs\lab2_matrixlibrary\lab2_matrixlibrary\debug\stdafx.obj
d:\nust\5th semester\advanced programming\labs\lab2_matrixlibrary\lab2_matrixlibrary\debug\matrixmultiplication.obj
d:\nust\5th semester\advanced programming\labs\lab2_matrixlibrary\lab2_matrixlibrary\debug\matrixlib.obj
d:\nust\5th semester\advanced programming\labs\lab2_matrixlibrary\lab2_matrixlibrary\debug\matrixinverse.obj
d:\nust\5th semester\advanced programming\labs\lab2_matrixlibrary\lab2_matrixlibrary\debug\matrixaddsub.obj
d:\nust\5th semester\advanced programming\labs\lab2_matrixlibrary\lab2_matrixlibrary\debug\lab2_matrixlibrary.obj
d:\nust\5th semester\advanced programming\labs\lab2_matrixlibrary\lab2_matrixlibrary\debug\.netframework,version=v4.0.assemblyattributes.obj
d:\nust\5th semester\advanced programming\labs\lab2_matrixlibrary\lab2_matrixlibrary\debug\.netframework,version=v4.0.assemblyattributes.asm
d:\nust\5th semester\advanced programming\labs\lab2_matrixlibrary\debug\lab2_matrixlibrary.exe
d:\nust\5th semester\advanced programming\labs\lab2_matrixlibrary\debug\lab2_matrixlibrary.pdb
d:\nust\5th semester\advanced programming\labs\lab2_matrixlibrary\lab2_matrixlibrary\debug\lab2_mat.8d09d2dc.tlog\cl.command.1.tlog
d:\nust\5th semester\advanced programming\labs\lab2_matrixlibrary\lab2_matrixlibrary\debug\lab2_mat.8d09d2dc.tlog\cl.read.1.tlog
d:\nust\5th semester\advanced programming\labs\lab2_matrixlibrary\lab2_matrixlibrary\debug\lab2_mat.8d09d2dc.tlog\cl.write.1.tlog
d:\nust\5th semester\advanced programming\labs\lab2_matrixlibrary\lab2_matrixlibrary\debug\lab2_mat.8d09d2dc.tlog\link.command.1.tlog
d:\nust\5th semester\advanced programming\labs\lab2_matrixlibrary\lab2_matrixlibrary\debug\lab2_mat.8d09d2dc.tlog\link.read.1.tlog
d:\nust\5th semester\advanced programming\labs\lab2_matrixlibrary\lab2_matrixlibrary\debug\lab2_mat.8d09d2dc.tlog\link.write.1.tlog
d:\nust\5th semester\advanced programming\labs\lab2_matrixlibrary\lab2_matrixlibrary\debug\lab2_mat.8d09d2dc.tlog\metagen.read.1.tlog
d:\nust\5th semester\advanced programming\labs\lab2_matrixlibrary\lab2_matrixlibrary\debug\lab2_mat.8d09d2dc.tlog\metagen.write.1.tlog
d:\nust\5th semester\advanced programming\labs\lab2_matrixlibrary\lab2_matrixlibrary\debug\lab2_mat.8d09d2dc.tlog\tzres.dll.bi
